<?xml version="1.0" encoding="UTF-8" ?>
<testsuite failures="0" time="0.515" errors="0" skipped="0" tests="9" name="search.TestCases">
  <properties>
[...]
</properties>
  <testcase time="0.295" classname="search.TestCases" name="searchLast20Records"/>
  <testcase time="0.087" classname="search.TestCases" name="searchObjectTypeLastRecord"/>
  <testcase time="0.01" classname="search.TestCases" name="searchLastRecord"/>
  <testcase time="0.009" classname="search.TestCases" name="searchOverLast20Records"/>
  <testcase time="0.007" classname="search.TestCases" name="searchFirst20Records"/>
  <testcase time="0.007" classname="search.TestCases" name="searchValidCounts"/>
  <testcase time="0.006" classname="search.TestCases" name="searchErrorCounts"/>
  <testcase time="0.006" classname="search.TestCases" name="searchThreeKeysWithValidCounts"/>
  <testcase time="0.005" classname="search.TestCases" name="searchMiddle20Records"/>
</testsuite>